<?xml version="1.0" encoding="UTF-8"?>
<!-- Generated by org.testng.reporters.JUnitReportReporter -->
<testsuite hostname="arun" failures="0" tests="3" name="com.Admavin.project.Todostest.TodoTest" time="2.116" errors="0" timestamp="2025-05-22T10:55:36 IST" skipped="0">
  <testcase classname="com.Admavin.project.Todostest.TodoTest" name="addThreeTasks" time="0.430"/>
  <testcase classname="com.Admavin.project.Todostest.TodoTest" name="markSecondTaskCompleted" time="0.207"/>
  <testcase classname="com.Admavin.project.Todostest.TodoTest" name="deleteFirstTask" time="1.479"/>
</testsuite> <!-- com.Admavin.project.Todostest.TodoTest -->
