<?xml version="1.0" encoding="UTF-8"?>
<!-- Generated by org.testng.reporters.JUnitReportReporter -->
<testsuite hostname="arun" failures="0" tests="4" name="com.Admavin.project.GoogleMaps.GoogleMapsMapLoadTest" time="29.453" errors="0" timestamp="2025-05-23T12:28:09 IST" skipped="0">
  <testcase classname="com.Admavin.project.GoogleMaps.GoogleMapsMapLoadTest" name="testMapLoadsSuccessfully" time="5.636"/>
  <system-out/>
  <testcase classname="com.Admavin.project.GoogleMaps.GoogleMapsMapLoadTest" name="testZoomAndPanControls" time="6.975"/>
  <system-out/>
  <testcase classname="com.Admavin.project.GoogleMaps.GoogleMapsMapLoadTest" name="testLocationSearch" time="7.546"/>
  <system-out/>
  <testcase classname="com.Admavin.project.GoogleMaps.GoogleMapsMapLoadTest" name="testMarkerIsShownAtCorrectLocation" time="9.296"/>
  <system-out/>
</testsuite> <!-- com.Admavin.project.GoogleMaps.GoogleMapsMapLoadTest -->
