<?xml version="1.0" encoding="UTF-8"?>
<!-- Generated by org.testng.reporters.JUnitReportReporter -->
<testsuite hostname="arun" failures="0" tests="1" name="com.Admavin.project.Todostest.AppTest" time="0.005" errors="0" timestamp="2025-05-21T11:00:54 IST" skipped="0">
  <testcase classname="com.Admavin.project.Todostest.AppTest" name="testApp" time="0.005"/>
  <system-out/>
</testsuite> <!-- com.Admavin.project.Todostest.AppTest -->
